<?xml version="1.0" encoding="UTF-8"?>
<testsuite name="hello.servlet.ServletApplicationTests" tests="1" skipped="0" failures="0" errors="0" timestamp="2025-08-27T00:48:33.348Z" hostname="saenal-ui-MacBookPro.local" time="0.304">
  <properties/>
  <testcase name="contextLoads()" classname="hello.servlet.ServletApplicationTests" time="0.304"/>
  <system-out><![CDATA[09:48:32.866 [Test worker] INFO org.springframework.test.context.support.AnnotationConfigContextLoaderUtils -- Could not detect default configuration classes for test class [hello.servlet.ServletApplicationTests]: ServletApplicationTests does not declare any static, non-private, non-final, nested classes annotated with @Configuration.
09:48:32.903 [Test worker] INFO org.springframework.boot.test.context.SpringBootTestContextBootstrapper -- Found @SpringBootConfiguration hello.servlet.ServletApplication for test class hello.servlet.ServletApplicationTests

  .   ____          _            __ _ _
 /\\ / ___'_ __ _ _(_)_ __  __ _ \ \ \ \
( ( )\___ | '_ | '_| | '_ \/ _` | \ \ \ \
 \\/  ___)| |_)| | | | | || (_| |  ) ) ) )
  '  |____| .__|_| |_|_| |_\__, | / / / /
 =========|_|==============|___/=/_/_/_/

 :: Spring Boot ::                (v3.5.4)

2025-08-27T09:48:33.032+09:00  INFO 64264 --- [servlet] [    Test worker] hello.servlet.ServletApplicationTests    : Starting ServletApplicationTests using Java 17.0.12 with PID 64264 (started by saenal in /Users/saenal/Desktop/newProject/IntelliJ/spring-mvc-basic/servlet)
2025-08-27T09:48:33.033+09:00  INFO 64264 --- [servlet] [    Test worker] hello.servlet.ServletApplicationTests    : No active profile set, falling back to 1 default profile: "default"
2025-08-27T09:48:33.259+09:00  INFO 64264 --- [servlet] [    Test worker] o.s.b.a.w.s.WelcomePageHandlerMapping    : Adding welcome page: ServletContext resource [/index.html]
2025-08-27T09:48:33.344+09:00  INFO 64264 --- [servlet] [    Test worker] hello.servlet.ServletApplicationTests    : Started ServletApplicationTests in 0.396 seconds (process running for 0.757)
]]></system-out>
  <system-err><![CDATA[]]></system-err>
</testsuite>
